<?xml version="1.0" encoding="UTF-8"?>
<!-- Generated by org.testng.reporters.JUnitReportReporter -->
<testsuite hostname="DESKTOP-BT0EE7G" failures="0" tests="36" name="api.test.UserTests3" time="166.427" errors="0" timestamp="2024-06-04T17:45:56 IST" skipped="0">
  <testcase classname="api.test.UserTests3" name="testresetpassword" time="4.907"/>
  <system-out/>
  <testcase classname="api.test.UserTests3" name="testPostpassword" time="11.973"/>
  <system-out/>
  <testcase classname="api.test.UserTests3" name="testresetpassword" time="4.873"/>
  <system-out/>
  <testcase classname="api.test.UserTests3" name="testPostpassword" time="4.915"/>
  <system-out/>
  <testcase classname="api.test.UserTests3" name="testresetpassword" time="4.219"/>
  <system-out/>
  <testcase classname="api.test.UserTests3" name="testresetpassword" time="4.913"/>
  <system-out/>
  <testcase classname="api.test.UserTests3" name="testPostpassword" time="4.246"/>
  <system-out/>
  <testcase classname="api.test.UserTests3" name="testPostpassword" time="4.776"/>
  <system-out/>
  <testcase classname="api.test.UserTests3" name="testresetpassword" time="5.039"/>
  <system-out/>
  <testcase classname="api.test.UserTests3" name="testresetpassword" time="4.333"/>
  <system-out/>
  <testcase classname="api.test.UserTests3" name="testresetpassword" time="4.298"/>
  <system-out/>
  <testcase classname="api.test.UserTests3" name="testPostpassword" time="4.287"/>
  <system-out/>
  <testcase classname="api.test.UserTests3" name="testresetpassword" time="3.694"/>
  <system-out/>
  <testcase classname="api.test.UserTests3" name="testPostpassword" time="4.584"/>
  <system-out/>
  <testcase classname="api.test.UserTests3" name="testPostpassword" time="4.909"/>
  <system-out/>
  <testcase classname="api.test.UserTests3" name="testPostpassword" time="4.294"/>
  <system-out/>
  <testcase classname="api.test.UserTests3" name="testPostpassword" time="4.296"/>
  <system-out/>
  <testcase classname="api.test.UserTests3" name="testresetpassword" time="4.496"/>
  <system-out/>
  <testcase classname="api.test.UserTests3" name="testPostpassword" time="4.296"/>
  <system-out/>
  <testcase classname="api.test.UserTests3" name="testresetpassword" time="4.296"/>
  <system-out/>
  <testcase classname="api.test.UserTests3" name="testresetpassword" time="3.585"/>
  <system-out/>
  <testcase classname="api.test.UserTests3" name="testresetpassword" time="4.913"/>
  <system-out/>
  <testcase classname="api.test.UserTests3" name="testresetpassword" time="4.398"/>
  <system-out/>
  <testcase classname="api.test.UserTests3" name="testresetpassword" time="3.567"/>
  <system-out/>
  <testcase classname="api.test.UserTests3" name="testresetpassword" time="4.298"/>
  <system-out/>
  <testcase classname="api.test.UserTests3" name="testPostpassword" time="4.710"/>
  <system-out/>
  <testcase classname="api.test.UserTests3" name="testPostpassword" time="3.675"/>
  <system-out/>
  <testcase classname="api.test.UserTests3" name="testresetpassword" time="4.172"/>
  <system-out/>
  <testcase classname="api.test.UserTests3" name="testPostpassword" time="5.043"/>
  <system-out/>
  <testcase classname="api.test.UserTests3" name="testresetpassword" time="4.294"/>
  <system-out/>
  <testcase classname="api.test.UserTests3" name="testPostpassword" time="4.910"/>
  <system-out/>
  <testcase classname="api.test.UserTests3" name="testPostpassword" time="4.009"/>
  <system-out/>
  <testcase classname="api.test.UserTests3" name="testPostpassword" time="4.896"/>
  <system-out/>
  <testcase classname="api.test.UserTests3" name="testresetpassword" time="4.298"/>
  <system-out/>
  <testcase classname="api.test.UserTests3" name="testPostpassword" time="4.295"/>
  <system-out/>
  <testcase classname="api.test.UserTests3" name="testPostpassword" time="3.720"/>
  <system-out/>
</testsuite> <!-- api.test.UserTests3 -->
