<?xml version="1.0" encoding="UTF-8"?>
<!-- Generated by org.testng.reporters.JUnitReportReporter -->
<testsuite hostname="DESKTOP-BT0EE7G" failures="0" tests="36" name="api.test.UserTests2" time="180.765" errors="0" timestamp="2024-06-04T15:36:20 IST" skipped="0">
  <testcase classname="api.test.UserTests2" name="testPostpassword" time="12.453"/>
  <system-out/>
  <testcase classname="api.test.UserTests2" name="testresetpassword" time="3.682"/>
  <system-out/>
  <testcase classname="api.test.UserTests2" name="testresetpassword" time="4.506"/>
  <system-out/>
  <testcase classname="api.test.UserTests2" name="testPostpassword" time="3.823"/>
  <system-out/>
  <testcase classname="api.test.UserTests2" name="testPostpassword" time="9.714"/>
  <system-out/>
  <testcase classname="api.test.UserTests2" name="testresetpassword" time="3.275"/>
  <system-out/>
  <testcase classname="api.test.UserTests2" name="testresetpassword" time="3.110"/>
  <system-out/>
  <testcase classname="api.test.UserTests2" name="testresetpassword" time="3.889"/>
  <system-out/>
  <testcase classname="api.test.UserTests2" name="testPostpassword" time="6.207"/>
  <system-out/>
  <testcase classname="api.test.UserTests2" name="testPostpassword" time="3.339"/>
  <system-out/>
  <testcase classname="api.test.UserTests2" name="testPostpassword" time="4.239"/>
  <system-out/>
  <testcase classname="api.test.UserTests2" name="testPostpassword" time="3.478"/>
  <system-out/>
  <testcase classname="api.test.UserTests2" name="testresetpassword" time="3.672"/>
  <system-out/>
  <testcase classname="api.test.UserTests2" name="testPostpassword" time="3.480"/>
  <system-out/>
  <testcase classname="api.test.UserTests2" name="testPostpassword" time="4.394"/>
  <system-out/>
  <testcase classname="api.test.UserTests2" name="testresetpassword" time="3.786"/>
  <system-out/>
  <testcase classname="api.test.UserTests2" name="testPostpassword" time="8.687"/>
  <system-out/>
  <testcase classname="api.test.UserTests2" name="testresetpassword" time="3.479"/>
  <system-out/>
  <testcase classname="api.test.UserTests2" name="testPostpassword" time="2.831"/>
  <system-out/>
  <testcase classname="api.test.UserTests2" name="testPostpassword" time="4.305"/>
  <system-out/>
  <testcase classname="api.test.UserTests2" name="testresetpassword" time="3.288"/>
  <system-out/>
  <testcase classname="api.test.UserTests2" name="testresetpassword" time="3.793"/>
  <system-out/>
  <testcase classname="api.test.UserTests2" name="testresetpassword" time="3.439"/>
  <system-out/>
  <testcase classname="api.test.UserTests2" name="testresetpassword" time="3.707"/>
  <system-out/>
  <testcase classname="api.test.UserTests2" name="testPostpassword" time="4.615"/>
  <system-out/>
  <testcase classname="api.test.UserTests2" name="testresetpassword" time="3.889"/>
  <system-out/>
  <testcase classname="api.test.UserTests2" name="testresetpassword" time="3.582"/>
  <system-out/>
  <testcase classname="api.test.UserTests2" name="testresetpassword" time="4.479"/>
  <system-out/>
  <testcase classname="api.test.UserTests2" name="testresetpassword" time="3.986"/>
  <system-out/>
  <testcase classname="api.test.UserTests2" name="testPostpassword" time="3.487"/>
  <system-out/>
  <testcase classname="api.test.UserTests2" name="testPostpassword" time="6.222"/>
  <system-out/>
  <testcase classname="api.test.UserTests2" name="testresetpassword" time="4.596"/>
  <system-out/>
  <testcase classname="api.test.UserTests2" name="testPostpassword" time="3.584"/>
  <system-out/>
  <testcase classname="api.test.UserTests2" name="testPostpassword" time="21.608"/>
  <system-out/>
  <testcase classname="api.test.UserTests2" name="testresetpassword" time="3.685"/>
  <system-out/>
  <testcase classname="api.test.UserTests2" name="testPostpassword" time="6.456"/>
  <system-out/>
</testsuite> <!-- api.test.UserTests2 -->
