<?xml version="1.0" encoding="UTF-8"?>
<!-- Generated by org.testng.reporters.JUnitReportReporter -->
<testsuite hostname="DESKTOP-BT0EE7G" failures="0" tests="36" name="api.test.UserTests" time="174.067" errors="0" timestamp="2024-06-04T15:36:20 IST" skipped="0">
  <testcase classname="api.test.UserTests" name="testuserchangepassword" time="4.297"/>
  <system-out/>
  <testcase classname="api.test.UserTests" name="testUpdatePassword" time="5.534"/>
  <system-out/>
  <testcase classname="api.test.UserTests" name="testuserchangepassword" time="4.296"/>
  <system-out/>
  <testcase classname="api.test.UserTests" name="testuserchangepassword" time="3.663"/>
  <system-out/>
  <testcase classname="api.test.UserTests" name="testUpdatePassword" time="4.411"/>
  <system-out/>
  <testcase classname="api.test.UserTests" name="testuserchangepassword" time="3.354"/>
  <system-out/>
  <testcase classname="api.test.UserTests" name="testUpdatePassword" time="3.547"/>
  <system-out/>
  <testcase classname="api.test.UserTests" name="testUpdatePassword" time="10.248"/>
  <system-out/>
  <testcase classname="api.test.UserTests" name="testuserchangepassword" time="4.300"/>
  <system-out/>
  <testcase classname="api.test.UserTests" name="testUpdatePassword" time="3.607"/>
  <system-out/>
  <testcase classname="api.test.UserTests" name="testUpdatePassword" time="5.717"/>
  <system-out/>
  <testcase classname="api.test.UserTests" name="testuserchangepassword" time="4.266"/>
  <system-out/>
  <testcase classname="api.test.UserTests" name="testUpdatePassword" time="3.958"/>
  <system-out/>
  <testcase classname="api.test.UserTests" name="testUpdatePassword" time="4.913"/>
  <system-out/>
  <testcase classname="api.test.UserTests" name="testuserchangepassword" time="3.676"/>
  <system-out/>
  <testcase classname="api.test.UserTests" name="testuserchangepassword" time="3.846"/>
  <system-out/>
  <testcase classname="api.test.UserTests" name="testuserchangepassword" time="4.307"/>
  <system-out/>
  <testcase classname="api.test.UserTests" name="testUpdatePassword" time="5.606"/>
  <system-out/>
  <testcase classname="api.test.UserTests" name="testUpdatePassword" time="4.262"/>
  <system-out/>
  <testcase classname="api.test.UserTests" name="testuserchangepassword" time="3.698"/>
  <system-out/>
  <testcase classname="api.test.UserTests" name="testUpdatePassword" time="5.333"/>
  <system-out/>
  <testcase classname="api.test.UserTests" name="testuserchangepassword" time="4.297"/>
  <system-out/>
  <testcase classname="api.test.UserTests" name="testUpdatePassword" time="4.220"/>
  <system-out/>
  <testcase classname="api.test.UserTests" name="testUpdatePassword" time="4.977"/>
  <system-out/>
  <testcase classname="api.test.UserTests" name="testUpdatePassword" time="5.557"/>
  <system-out/>
  <testcase classname="api.test.UserTests" name="testuserchangepassword" time="3.281"/>
  <system-out/>
  <testcase classname="api.test.UserTests" name="testUpdatePassword" time="4.937"/>
  <system-out/>
  <testcase classname="api.test.UserTests" name="testuserchangepassword" time="3.784"/>
  <system-out/>
  <testcase classname="api.test.UserTests" name="testUpdatePassword" time="5.112"/>
  <system-out/>
  <testcase classname="api.test.UserTests" name="testuserchangepassword" time="15.953"/>
  <system-out/>
  <testcase classname="api.test.UserTests" name="testuserchangepassword" time="3.544"/>
  <system-out/>
  <testcase classname="api.test.UserTests" name="testUpdatePassword" time="4.846"/>
  <system-out/>
  <testcase classname="api.test.UserTests" name="testuserchangepassword" time="4.911"/>
  <system-out/>
  <testcase classname="api.test.UserTests" name="testuserchangepassword" time="3.388"/>
  <system-out/>
  <testcase classname="api.test.UserTests" name="testuserchangepassword" time="3.826"/>
  <system-out/>
  <testcase classname="api.test.UserTests" name="testUpdatePassword" time="4.595"/>
  <system-out/>
</testsuite> <!-- api.test.UserTests -->
