<?xml version="1.0" encoding="UTF-8"?>
<!-- Generated by org.testng.reporters.JUnitReportReporter -->
<testsuite hostname="dell" failures="0" tests="2" name="AccessToken.LoginAPI" time="8.696" errors="0" timestamp="2024-04-22T16:31:01 IST" skipped="0">
  <testcase classname="AccessToken.LoginAPI" name="Createlogin1" time="2.146"/>
  <system-out/>
  <testcase classname="AccessToken.LoginAPI" name="Createlogin" time="6.550"/>
  <system-out/>
</testsuite> <!-- AccessToken.LoginAPI -->
